
> shadcn_init__@0.1.0 dev
> next dev --turbopack

   ▲ Next.js 15.5.6 (Turbopack)
   - Local:        http://localhost:3000
   - Network:      http://169.254.0.21:3000

 ✓ Starting...
 ✓ Ready in 2.5s
 ⚠ Webpack is configured while Turbopack is not, which may cause problems.
 ⚠ See instructions if you need to configure Turbopack:
  https://nextjs.org/docs/app/api-reference/next-config-js/turbopack


-----
[1m[31mFATAL[39m[0m: An unexpected Turbopack error occurred. A panic log has been written to /tmp/next-panic-50a2daf12a71aa4aa1cbd1661e5beb8c.log.

To help make Turbopack better, report this error by clicking here: https://github.com/vercel/next.js/discussions/new?category=turbopack-error-report&title=Turbopack%20Error%3A%20Next.js%20package%20not%20found&body=Turbopack%20version%3A%20%6057992a6e%60%0ANext.js%20version%3A%20%600.0.0%60%0A%0AError%20message%3A%0A%60%60%60%0ATurbopack%20Error%3A%20Next.js%20package%20not%20found%0A%60%60%60&labels=Turbopack,Turbopack%20Panic%20Backtrace
-----

Error [TurbopackInternalError]: Next.js package not found

Debug info:
- Execution of get_entrypoints_with_issues_operation failed
- Execution of EntrypointsOperation::new failed
- Execution of Project::entrypoints failed
- Execution of AppProject::routes failed
- Execution of directory_tree_to_entrypoints_internal failed
- Execution of directory_tree_to_loader_tree failed
- Execution of get_next_package failed
- Next.js package not found
    at <unknown> (TurbopackInternalError: Next.js package not found) {
  location: undefined
}
[?25h
